<?xml version="1.0" encoding="UTF-8"?>
<testng-results ignored="0" total="1" passed="1" failed="0" skipped="0">
  <reporter-output>
  </reporter-output>
  <suite started-at="2021-03-12T07:28:56Z" name="Default suite" finished-at="2021-03-12T07:29:04Z" duration-ms="7904">
    <groups>
    </groups>
    <test started-at="2021-03-12T07:28:56Z" name="Default test" finished-at="2021-03-12T07:29:04Z" duration-ms="7904">
      <class name="excelsheet.ExcelProject">
        <test-method signature="setup()[pri:0, instance:excelsheet.ExcelProject@57d0fc89]" started-at="2021-03-12T07:28:57Z" name="setup" finished-at="2021-03-12T07:29:04Z" duration-ms="7550" status="PASS">
          <reporter-output>
          </reporter-output>
        </test-method> <!-- setup -->
      </class> <!-- excelsheet.ExcelProject -->
    </test> <!-- Default test -->
  </suite> <!-- Default suite -->
</testng-results>
